2025-07-25 13:51:45 INFO  o.h.validator.internal.util.Version - HV000001: Hibernate Validator 8.0.2.Final
 2025-07-25 13:51:45 INFO  g.a.c.schoolapp.SchoolAppApplication - Starting SchoolAppApplication using Java 17.0.15 with PID 1564 (C:\Users\Lampros\IdeaProjects\schoolapp\build\classes\java\main started by Lampros in C:\Users\Lampros\IdeaProjects\schoolapp)
 2025-07-25 13:51:45 INFO  g.a.c.schoolapp.SchoolAppApplication - The following 1 profile is active: "dev"
 2025-07-25 13:51:47 INFO  o.s.d.r.c.RepositoryConfigurationDelegate - Bootstrapping Spring Data JPA repositories in DEFAULT mode.
 2025-07-25 13:51:47 INFO  o.s.d.r.c.RepositoryConfigurationDelegate - Finished Spring Data repository scanning in 75 ms. Found 3 JPA repository interfaces.
 2025-07-25 13:51:48 INFO  o.s.b.w.e.tomcat.TomcatWebServer - Tomcat initialized with port 8080 (http)
 2025-07-25 13:51:48 INFO  o.s.b.w.s.c.ServletWebServerApplicationContext - Root WebApplicationContext: initialization completed in 2422 ms
 2025-07-25 13:51:48 INFO  org.hibernate.Version - HHH000412: Hibernate ORM core version 6.6.18.Final
 2025-07-25 13:51:48 INFO  o.h.c.i.RegionFactoryInitiator - HHH000026: Second-level cache disabled
 2025-07-25 13:51:49 INFO  o.s.o.j.p.SpringPersistenceUnitInfo - No LoadTimeWeaver setup: ignoring JPA class transformer
 2025-07-25 13:51:50 INFO  o.hibernate.orm.connections.pooling - HHH10001005: Database info:
	Database JDBC URL [Connecting through datasource 'HikariDataSource (HikariPool-1)']
	Database driver: undefined/unknown
	Database version: 8.0.41
	Autocommit mode: undefined/unknown
	Isolation level: undefined/unknown
	Minimum pool size: undefined/unknown
	Maximum pool size: undefined/unknown
 2025-07-25 13:51:51 INFO  o.h.e.t.j.p.i.JtaPlatformInitiator - HHH000489: No JTA platform available (set 'hibernate.transaction.jta.platform' to enable JTA platform integration)
 2025-07-25 13:51:51 INFO  o.s.o.j.LocalContainerEntityManagerFactoryBean - Initialized JPA EntityManagerFactory for persistence unit 'default'
 2025-07-25 13:51:52 INFO  o.s.d.j.r.query.QueryEnhancerFactory - Hibernate is in classpath; If applicable, HQL parser will be used.
 2025-07-25 13:51:53 INFO  o.s.s.c.a.a.c.InitializeAuthenticationProviderBeanManagerConfigurer$InitializeAuthenticationProviderManagerConfigurer - Global AuthenticationManager configured with AuthenticationProvider bean with name authenticationProvider
 2025-07-25 13:51:53 INFO  o.s.b.a.w.s.WelcomePageHandlerMapping - Adding welcome page template: index
 2025-07-25 13:51:53 WARN  o.s.s.c.a.w.c.AuthorizeHttpRequestsConfigurer$AuthorizationManagerRequestMatcherRegistry - One of the patterns in [/, index.html] is missing a leading slash. This is discouraged; please include the leading slash in all your request matcher patterns. In future versions of Spring Security, leaving out the leading slash will result in an exception.
 2025-07-25 13:51:53 INFO  o.s.b.w.e.tomcat.TomcatWebServer - Tomcat started on port 8080 (http) with context path '/'
 2025-07-25 13:51:54 INFO  g.a.c.schoolapp.SchoolAppApplication - Started SchoolAppApplication in 8.927 seconds (process running for 9.496)
 2025-07-25 13:52:49 INFO  o.s.web.servlet.DispatcherServlet - Initializing Servlet 'dispatcherServlet'
 2025-07-25 13:52:49 INFO  o.s.web.servlet.DispatcherServlet - Completed initialization in 1 ms
 2025-07-25 13:53:59 INFO  g.a.cf.schoolapp.service.UserService - Save succeeded for user with username=lampvasilakos
 2025-07-25 13:55:24 ERROR org.thymeleaf.TemplateEngine - [THYMELEAF][http-nio-8080-exec-10] Exception processing template "login": Exception evaluating SpringEL expression: "session['SPRING_SECURITY_LAST_EXCEPTION'].message" (template: "login" - line 123, col 33)
 org.thymeleaf.exceptions.TemplateProcessingException: Exception evaluating SpringEL expression: "session['SPRING_SECURITY_LAST_EXCEPTION'].message" (template: "login" - line 123, col 33)
	at org.thymeleaf.spring6.expression.SPELVariableExpressionEvaluator.evaluate(SPELVariableExpressionEvaluator.java:292)
Caused by: org.springframework.expression.spel.SpelEvaluationException: EL1007E: Property or field 'message' cannot be found on null
	at org.springframework.expression.spel.ast.PropertyOrFieldReference.readProperty(PropertyOrFieldReference.java:225)
